<?xml version="1.0" encoding="UTF-8"?>
<testsuites>
  <testsuite name="" tests="24" assertions="99" errors="0" warnings="0" failures="0" skipped="0" time="0.065540">
    <testsuite name="Project Test Suite" tests="24" assertions="99" errors="0" warnings="0" failures="0" skipped="0" time="0.065540">
      <testsuite name="App\Card\CardHandTest" file="/home/nadja/dbwebb-kurser/mvc/me/report/tests/Card/CardHandTest.php" tests="4" assertions="13" errors="0" warnings="0" failures="0" skipped="0" time="0.013729">
        <testcase name="testDraw" class="App\Card\CardHandTest" classname="App.Card.CardHandTest" file="/home/nadja/dbwebb-kurser/mvc/me/report/tests/Card/CardHandTest.php" line="16" assertions="7" time="0.010186"/>
        <testcase name="testGetPoints" class="App\Card\CardHandTest" classname="App.Card.CardHandTest" file="/home/nadja/dbwebb-kurser/mvc/me/report/tests/Card/CardHandTest.php" line="43" assertions="1" time="0.000763"/>
        <testcase name="testAddCard" class="App\Card\CardHandTest" classname="App.Card.CardHandTest" file="/home/nadja/dbwebb-kurser/mvc/me/report/tests/Card/CardHandTest.php" line="56" assertions="1" time="0.000946"/>
        <testcase name="testCheckForAce" class="App\Card\CardHandTest" classname="App.Card.CardHandTest" file="/home/nadja/dbwebb-kurser/mvc/me/report/tests/Card/CardHandTest.php" line="73" assertions="4" time="0.001834"/>
      </testsuite>
      <testsuite name="App\Card\CardTest" file="/home/nadja/dbwebb-kurser/mvc/me/report/tests/Card/CardTest.php" tests="2" assertions="2" errors="0" warnings="0" failures="0" skipped="0" time="0.001195">
        <testcase name="testCreateCard" class="App\Card\CardTest" classname="App.Card.CardTest" file="/home/nadja/dbwebb-kurser/mvc/me/report/tests/Card/CardTest.php" line="16" assertions="1" time="0.000482"/>
        <testcase name="testSetPoints" class="App\Card\CardTest" classname="App.Card.CardTest" file="/home/nadja/dbwebb-kurser/mvc/me/report/tests/Card/CardTest.php" line="22" assertions="1" time="0.000713"/>
      </testsuite>
      <testsuite name="App\Card\DeckOfCardsTest" file="/home/nadja/dbwebb-kurser/mvc/me/report/tests/Card/DeckOfCardsTest.php" tests="6" assertions="65" errors="0" warnings="0" failures="0" skipped="0" time="0.042712">
        <testcase name="testCreateDeckOfCards" class="App\Card\DeckOfCardsTest" classname="App.Card.DeckOfCardsTest" file="/home/nadja/dbwebb-kurser/mvc/me/report/tests/Card/DeckOfCardsTest.php" line="15" assertions="54" time="0.001168"/>
        <testcase name="testShuffle" class="App\Card\DeckOfCardsTest" classname="App.Card.DeckOfCardsTest" file="/home/nadja/dbwebb-kurser/mvc/me/report/tests/Card/DeckOfCardsTest.php" line="31" assertions="2" time="0.008019"/>
        <testcase name="testGetValue" class="App\Card\DeckOfCardsTest" classname="App.Card.DeckOfCardsTest" file="/home/nadja/dbwebb-kurser/mvc/me/report/tests/Card/DeckOfCardsTest.php" line="45" assertions="1" time="0.001047"/>
        <testcase name="testgetAsString" class="App\Card\DeckOfCardsTest" classname="App.Card.DeckOfCardsTest" file="/home/nadja/dbwebb-kurser/mvc/me/report/tests/Card/DeckOfCardsTest.php" line="60" assertions="1" time="0.001088"/>
        <testcase name="testSetValue" class="App\Card\DeckOfCardsTest" classname="App.Card.DeckOfCardsTest" file="/home/nadja/dbwebb-kurser/mvc/me/report/tests/Card/DeckOfCardsTest.php" line="75" assertions="3" time="0.015004"/>
        <testcase name="testRemove" class="App\Card\DeckOfCardsTest" classname="App.Card.DeckOfCardsTest" file="/home/nadja/dbwebb-kurser/mvc/me/report/tests/Card/DeckOfCardsTest.php" line="100" assertions="4" time="0.016385"/>
      </testsuite>
      <testsuite name="App\Card\ResultTest" file="/home/nadja/dbwebb-kurser/mvc/me/report/tests/Card/ResultTest.php" tests="2" assertions="9" errors="0" warnings="0" failures="0" skipped="0" time="0.002078">
        <testcase name="testCreateResult" class="App\Card\ResultTest" classname="App.Card.ResultTest" file="/home/nadja/dbwebb-kurser/mvc/me/report/tests/Card/ResultTest.php" line="16" assertions="1" time="0.001527"/>
        <testcase name="testCheckResult" class="App\Card\ResultTest" classname="App.Card.ResultTest" file="/home/nadja/dbwebb-kurser/mvc/me/report/tests/Card/ResultTest.php" line="22" assertions="8" time="0.000551"/>
      </testsuite>
      <testsuite name="App\Entity\BookTest" file="/home/nadja/dbwebb-kurser/mvc/me/report/tests/Entity/BookTest.php" tests="6" assertions="6" errors="0" warnings="0" failures="0" skipped="0" time="0.002921">
        <testcase name="testInstance" class="App\Entity\BookTest" classname="App.Entity.BookTest" file="/home/nadja/dbwebb-kurser/mvc/me/report/tests/Entity/BookTest.php" line="17" assertions="1" time="0.000934"/>
        <testcase name="testGetSetTitle" class="App\Entity\BookTest" classname="App.Entity.BookTest" file="/home/nadja/dbwebb-kurser/mvc/me/report/tests/Entity/BookTest.php" line="22" assertions="1" time="0.000386"/>
        <testcase name="testGetSetIsbn" class="App\Entity\BookTest" classname="App.Entity.BookTest" file="/home/nadja/dbwebb-kurser/mvc/me/report/tests/Entity/BookTest.php" line="30" assertions="1" time="0.000376"/>
        <testcase name="testGetSetAuthor" class="App\Entity\BookTest" classname="App.Entity.BookTest" file="/home/nadja/dbwebb-kurser/mvc/me/report/tests/Entity/BookTest.php" line="38" assertions="1" time="0.000458"/>
        <testcase name="testGetSetImg" class="App\Entity\BookTest" classname="App.Entity.BookTest" file="/home/nadja/dbwebb-kurser/mvc/me/report/tests/Entity/BookTest.php" line="46" assertions="1" time="0.000357"/>
        <testcase name="testGetId" class="App\Entity\BookTest" classname="App.Entity.BookTest" file="/home/nadja/dbwebb-kurser/mvc/me/report/tests/Entity/BookTest.php" line="54" assertions="1" time="0.000410"/>
      </testsuite>
      <testsuite name="App\Entity\ProductTest" file="/home/nadja/dbwebb-kurser/mvc/me/report/tests/Entity/ProductTest.php" tests="4" assertions="4" errors="0" warnings="0" failures="0" skipped="0" time="0.002906">
        <testcase name="testInstance" class="App\Entity\ProductTest" classname="App.Entity.ProductTest" file="/home/nadja/dbwebb-kurser/mvc/me/report/tests/Entity/ProductTest.php" line="17" assertions="1" time="0.001672"/>
        <testcase name="testGetSetName" class="App\Entity\ProductTest" classname="App.Entity.ProductTest" file="/home/nadja/dbwebb-kurser/mvc/me/report/tests/Entity/ProductTest.php" line="22" assertions="1" time="0.000466"/>
        <testcase name="testGetSetValue" class="App\Entity\ProductTest" classname="App.Entity.ProductTest" file="/home/nadja/dbwebb-kurser/mvc/me/report/tests/Entity/ProductTest.php" line="30" assertions="1" time="0.000395"/>
        <testcase name="testGetId" class="App\Entity\ProductTest" classname="App.Entity.ProductTest" file="/home/nadja/dbwebb-kurser/mvc/me/report/tests/Entity/ProductTest.php" line="38" assertions="1" time="0.000373"/>
      </testsuite>
    </testsuite>
  </testsuite>
</testsuites>
