<?xml version="1.0" encoding="UTF-8"?>
<testsuites>
  <testsuite name="" tests="22" assertions="97" errors="0" warnings="0" failures="0" skipped="0" time="0.051875">
    <testsuite name="Project Test Suite" tests="22" assertions="97" errors="0" warnings="0" failures="0" skipped="0" time="0.051875">
      <testsuite name="App\Card\CardHandTest" file="/home/nadja/dbwebb-kurser/mvc/me/report/tests/Card/CardHandTest.php" tests="4" assertions="13" errors="0" warnings="0" failures="0" skipped="0" time="0.013502">
        <testcase name="testDraw" class="App\Card\CardHandTest" classname="App.Card.CardHandTest" file="/home/nadja/dbwebb-kurser/mvc/me/report/tests/Card/CardHandTest.php" line="16" assertions="7" time="0.010895"/>
        <testcase name="testGetPoints" class="App\Card\CardHandTest" classname="App.Card.CardHandTest" file="/home/nadja/dbwebb-kurser/mvc/me/report/tests/Card/CardHandTest.php" line="43" assertions="1" time="0.000897"/>
        <testcase name="testAddCard" class="App\Card\CardHandTest" classname="App.Card.CardHandTest" file="/home/nadja/dbwebb-kurser/mvc/me/report/tests/Card/CardHandTest.php" line="56" assertions="1" time="0.000759"/>
        <testcase name="testCheckForAce" class="App\Card\CardHandTest" classname="App.Card.CardHandTest" file="/home/nadja/dbwebb-kurser/mvc/me/report/tests/Card/CardHandTest.php" line="73" assertions="4" time="0.000951"/>
      </testsuite>
      <testsuite name="App\Card\CardTest" file="/home/nadja/dbwebb-kurser/mvc/me/report/tests/Card/CardTest.php" tests="2" assertions="2" errors="0" warnings="0" failures="0" skipped="0" time="0.000762">
        <testcase name="testCreateCard" class="App\Card\CardTest" classname="App.Card.CardTest" file="/home/nadja/dbwebb-kurser/mvc/me/report/tests/Card/CardTest.php" line="16" assertions="1" time="0.000269"/>
        <testcase name="testSetPoints" class="App\Card\CardTest" classname="App.Card.CardTest" file="/home/nadja/dbwebb-kurser/mvc/me/report/tests/Card/CardTest.php" line="22" assertions="1" time="0.000492"/>
      </testsuite>
      <testsuite name="App\Card\DeckOfCardsTest" file="/home/nadja/dbwebb-kurser/mvc/me/report/tests/Card/DeckOfCardsTest.php" tests="6" assertions="65" errors="0" warnings="0" failures="0" skipped="0" time="0.032000">
        <testcase name="testCreateDeckOfCards" class="App\Card\DeckOfCardsTest" classname="App.Card.DeckOfCardsTest" file="/home/nadja/dbwebb-kurser/mvc/me/report/tests/Card/DeckOfCardsTest.php" line="15" assertions="54" time="0.000905"/>
        <testcase name="testShuffle" class="App\Card\DeckOfCardsTest" classname="App.Card.DeckOfCardsTest" file="/home/nadja/dbwebb-kurser/mvc/me/report/tests/Card/DeckOfCardsTest.php" line="31" assertions="2" time="0.005255"/>
        <testcase name="testGetValue" class="App\Card\DeckOfCardsTest" classname="App.Card.DeckOfCardsTest" file="/home/nadja/dbwebb-kurser/mvc/me/report/tests/Card/DeckOfCardsTest.php" line="45" assertions="1" time="0.000899"/>
        <testcase name="testgetAsString" class="App\Card\DeckOfCardsTest" classname="App.Card.DeckOfCardsTest" file="/home/nadja/dbwebb-kurser/mvc/me/report/tests/Card/DeckOfCardsTest.php" line="60" assertions="1" time="0.001086"/>
        <testcase name="testSetValue" class="App\Card\DeckOfCardsTest" classname="App.Card.DeckOfCardsTest" file="/home/nadja/dbwebb-kurser/mvc/me/report/tests/Card/DeckOfCardsTest.php" line="75" assertions="3" time="0.011586"/>
        <testcase name="testRemove" class="App\Card\DeckOfCardsTest" classname="App.Card.DeckOfCardsTest" file="/home/nadja/dbwebb-kurser/mvc/me/report/tests/Card/DeckOfCardsTest.php" line="100" assertions="4" time="0.012270"/>
      </testsuite>
      <testsuite name="App\Card\ResultTest" file="/home/nadja/dbwebb-kurser/mvc/me/report/tests/Card/ResultTest.php" tests="2" assertions="9" errors="0" warnings="0" failures="0" skipped="0" time="0.001328">
        <testcase name="testCreateResult" class="App\Card\ResultTest" classname="App.Card.ResultTest" file="/home/nadja/dbwebb-kurser/mvc/me/report/tests/Card/ResultTest.php" line="16" assertions="1" time="0.000790"/>
        <testcase name="testCheckResult" class="App\Card\ResultTest" classname="App.Card.ResultTest" file="/home/nadja/dbwebb-kurser/mvc/me/report/tests/Card/ResultTest.php" line="22" assertions="8" time="0.000538"/>
      </testsuite>
      <testsuite name="App\Entity\BookTest" file="/home/nadja/dbwebb-kurser/mvc/me/report/tests/Entity/BookTest.php" tests="5" assertions="5" errors="0" warnings="0" failures="0" skipped="0" time="0.002622">
        <testcase name="testInstance" class="App\Entity\BookTest" classname="App.Entity.BookTest" file="/home/nadja/dbwebb-kurser/mvc/me/report/tests/Entity/BookTest.php" line="17" assertions="1" time="0.000904"/>
        <testcase name="testGetSetTitle" class="App\Entity\BookTest" classname="App.Entity.BookTest" file="/home/nadja/dbwebb-kurser/mvc/me/report/tests/Entity/BookTest.php" line="22" assertions="1" time="0.000455"/>
        <testcase name="testGetSetIsbn" class="App\Entity\BookTest" classname="App.Entity.BookTest" file="/home/nadja/dbwebb-kurser/mvc/me/report/tests/Entity/BookTest.php" line="30" assertions="1" time="0.000393"/>
        <testcase name="testGetSetAuthor" class="App\Entity\BookTest" classname="App.Entity.BookTest" file="/home/nadja/dbwebb-kurser/mvc/me/report/tests/Entity/BookTest.php" line="38" assertions="1" time="0.000407"/>
        <testcase name="testGetSetImg" class="App\Entity\BookTest" classname="App.Entity.BookTest" file="/home/nadja/dbwebb-kurser/mvc/me/report/tests/Entity/BookTest.php" line="46" assertions="1" time="0.000463"/>
      </testsuite>
      <testsuite name="App\Entity\ProductTest" file="/home/nadja/dbwebb-kurser/mvc/me/report/tests/Entity/ProductTest.php" tests="3" assertions="3" errors="0" warnings="0" failures="0" skipped="0" time="0.001661">
        <testcase name="testInstance" class="App\Entity\ProductTest" classname="App.Entity.ProductTest" file="/home/nadja/dbwebb-kurser/mvc/me/report/tests/Entity/ProductTest.php" line="17" assertions="1" time="0.000756"/>
        <testcase name="testGetSetName" class="App\Entity\ProductTest" classname="App.Entity.ProductTest" file="/home/nadja/dbwebb-kurser/mvc/me/report/tests/Entity/ProductTest.php" line="22" assertions="1" time="0.000501"/>
        <testcase name="testGetSetValue" class="App\Entity\ProductTest" classname="App.Entity.ProductTest" file="/home/nadja/dbwebb-kurser/mvc/me/report/tests/Entity/ProductTest.php" line="30" assertions="1" time="0.000404"/>
      </testsuite>
    </testsuite>
  </testsuite>
</testsuites>
