<?xml version="1.0" encoding="UTF-8"?>
<testsuites>
  <testsuite name="" tests="40" assertions="189" errors="0" warnings="0" failures="0" skipped="0" time="0.128673">
    <testsuite name="Project Test Suite" tests="40" assertions="189" errors="0" warnings="0" failures="0" skipped="0" time="0.128673">
      <testsuite name="App\BlackJack\BlackJackCardHandTest" file="/home/nadja/dbwebb-kurser/mvc/me/report/tests/BlackJack/BlackJackCardHandTest.php" tests="4" assertions="13" errors="0" warnings="0" failures="0" skipped="0" time="0.015543">
        <testcase name="testDraw" class="App\BlackJack\BlackJackCardHandTest" classname="App.BlackJack.BlackJackCardHandTest" file="/home/nadja/dbwebb-kurser/mvc/me/report/tests/BlackJack/BlackJackCardHandTest.php" line="16" assertions="7" time="0.012356"/>
        <testcase name="testGetPoints" class="App\BlackJack\BlackJackCardHandTest" classname="App.BlackJack.BlackJackCardHandTest" file="/home/nadja/dbwebb-kurser/mvc/me/report/tests/BlackJack/BlackJackCardHandTest.php" line="42" assertions="1" time="0.000884"/>
        <testcase name="testAddBlackJackCard" class="App\BlackJack\BlackJackCardHandTest" classname="App.BlackJack.BlackJackCardHandTest" file="/home/nadja/dbwebb-kurser/mvc/me/report/tests/BlackJack/BlackJackCardHandTest.php" line="55" assertions="1" time="0.000968"/>
        <testcase name="testCheckForAce" class="App\BlackJack\BlackJackCardHandTest" classname="App.BlackJack.BlackJackCardHandTest" file="/home/nadja/dbwebb-kurser/mvc/me/report/tests/BlackJack/BlackJackCardHandTest.php" line="72" assertions="4" time="0.001336"/>
      </testsuite>
      <testsuite name="App\BlackJack\BlackJackCardTest" file="/home/nadja/dbwebb-kurser/mvc/me/report/tests/BlackJack/BlackJackCardTest.php" tests="2" assertions="2" errors="0" warnings="0" failures="0" skipped="0" time="0.000703">
        <testcase name="testCreateBlackJackCard" class="App\BlackJack\BlackJackCardTest" classname="App.BlackJack.BlackJackCardTest" file="/home/nadja/dbwebb-kurser/mvc/me/report/tests/BlackJack/BlackJackCardTest.php" line="16" assertions="1" time="0.000324"/>
        <testcase name="testSetPoints" class="App\BlackJack\BlackJackCardTest" classname="App.BlackJack.BlackJackCardTest" file="/home/nadja/dbwebb-kurser/mvc/me/report/tests/BlackJack/BlackJackCardTest.php" line="22" assertions="1" time="0.000378"/>
      </testsuite>
      <testsuite name="App\BlackJack\BlackJackDeckOfCardsTest" file="/home/nadja/dbwebb-kurser/mvc/me/report/tests/BlackJack/BlackJackDeckOfCardsTest.php" tests="6" assertions="65" errors="0" warnings="0" failures="0" skipped="0" time="0.043256">
        <testcase name="testCreateDeckOfCards" class="App\BlackJack\BlackJackDeckOfCardsTest" classname="App.BlackJack.BlackJackDeckOfCardsTest" file="/home/nadja/dbwebb-kurser/mvc/me/report/tests/BlackJack/BlackJackDeckOfCardsTest.php" line="15" assertions="54" time="0.001963"/>
        <testcase name="testShuffle" class="App\BlackJack\BlackJackDeckOfCardsTest" classname="App.BlackJack.BlackJackDeckOfCardsTest" file="/home/nadja/dbwebb-kurser/mvc/me/report/tests/BlackJack/BlackJackDeckOfCardsTest.php" line="31" assertions="2" time="0.008351"/>
        <testcase name="testGetValue" class="App\BlackJack\BlackJackDeckOfCardsTest" classname="App.BlackJack.BlackJackDeckOfCardsTest" file="/home/nadja/dbwebb-kurser/mvc/me/report/tests/BlackJack/BlackJackDeckOfCardsTest.php" line="45" assertions="1" time="0.000900"/>
        <testcase name="testgetAsString" class="App\BlackJack\BlackJackDeckOfCardsTest" classname="App.BlackJack.BlackJackDeckOfCardsTest" file="/home/nadja/dbwebb-kurser/mvc/me/report/tests/BlackJack/BlackJackDeckOfCardsTest.php" line="60" assertions="1" time="0.001106"/>
        <testcase name="testSetValue" class="App\BlackJack\BlackJackDeckOfCardsTest" classname="App.BlackJack.BlackJackDeckOfCardsTest" file="/home/nadja/dbwebb-kurser/mvc/me/report/tests/BlackJack/BlackJackDeckOfCardsTest.php" line="75" assertions="3" time="0.015549"/>
        <testcase name="testRemove" class="App\BlackJack\BlackJackDeckOfCardsTest" classname="App.BlackJack.BlackJackDeckOfCardsTest" file="/home/nadja/dbwebb-kurser/mvc/me/report/tests/BlackJack/BlackJackDeckOfCardsTest.php" line="100" assertions="4" time="0.015387"/>
      </testsuite>
      <testsuite name="App\BlackJack\BlackJackPlayerTest" file="/home/nadja/dbwebb-kurser/mvc/me/report/tests/BlackJack/BlackJackPlayerTest.php" tests="2" assertions="2" errors="0" warnings="0" failures="0" skipped="0" time="0.001349">
        <testcase name="testCreateBlackJackPlayer" class="App\BlackJack\BlackJackPlayerTest" classname="App.BlackJack.BlackJackPlayerTest" file="/home/nadja/dbwebb-kurser/mvc/me/report/tests/BlackJack/BlackJackPlayerTest.php" line="16" assertions="1" time="0.000833"/>
        <testcase name="testgetAsString" class="App\BlackJack\BlackJackPlayerTest" classname="App.BlackJack.BlackJackPlayerTest" file="/home/nadja/dbwebb-kurser/mvc/me/report/tests/BlackJack/BlackJackPlayerTest.php" line="27" assertions="1" time="0.000515"/>
      </testsuite>
      <testsuite name="App\BlackJack\BlackJackResultTest" file="/home/nadja/dbwebb-kurser/mvc/me/report/tests/BlackJack/BlackJackResultTest.php" tests="2" assertions="8" errors="0" warnings="0" failures="0" skipped="0" time="0.002140">
        <testcase name="testCreateBlackJackResultTest" class="App\BlackJack\BlackJackResultTest" classname="App.BlackJack.BlackJackResultTest" file="/home/nadja/dbwebb-kurser/mvc/me/report/tests/BlackJack/BlackJackResultTest.php" line="16" assertions="1" time="0.001647"/>
        <testcase name="testRestultTest" class="App\BlackJack\BlackJackResultTest" classname="App.BlackJack.BlackJackResultTest" file="/home/nadja/dbwebb-kurser/mvc/me/report/tests/BlackJack/BlackJackResultTest.php" line="24" assertions="7" time="0.000493"/>
      </testsuite>
      <testsuite name="App\Card\CardHandTest" file="/home/nadja/dbwebb-kurser/mvc/me/report/tests/Card/CardHandTest.php" tests="4" assertions="13" errors="0" warnings="0" failures="0" skipped="0" time="0.008311">
        <testcase name="testDraw" class="App\Card\CardHandTest" classname="App.Card.CardHandTest" file="/home/nadja/dbwebb-kurser/mvc/me/report/tests/Card/CardHandTest.php" line="16" assertions="7" time="0.005227"/>
        <testcase name="testGetPoints" class="App\Card\CardHandTest" classname="App.Card.CardHandTest" file="/home/nadja/dbwebb-kurser/mvc/me/report/tests/Card/CardHandTest.php" line="42" assertions="1" time="0.000841"/>
        <testcase name="testAddCard" class="App\Card\CardHandTest" classname="App.Card.CardHandTest" file="/home/nadja/dbwebb-kurser/mvc/me/report/tests/Card/CardHandTest.php" line="55" assertions="1" time="0.000964"/>
        <testcase name="testCheckForAce" class="App\Card\CardHandTest" classname="App.Card.CardHandTest" file="/home/nadja/dbwebb-kurser/mvc/me/report/tests/Card/CardHandTest.php" line="72" assertions="4" time="0.001279"/>
      </testsuite>
      <testsuite name="App\Card\CardTest" file="/home/nadja/dbwebb-kurser/mvc/me/report/tests/Card/CardTest.php" tests="2" assertions="2" errors="0" warnings="0" failures="0" skipped="0" time="0.001162">
        <testcase name="testCreateCard" class="App\Card\CardTest" classname="App.Card.CardTest" file="/home/nadja/dbwebb-kurser/mvc/me/report/tests/Card/CardTest.php" line="16" assertions="1" time="0.000360"/>
        <testcase name="testSetPoints" class="App\Card\CardTest" classname="App.Card.CardTest" file="/home/nadja/dbwebb-kurser/mvc/me/report/tests/Card/CardTest.php" line="22" assertions="1" time="0.000802"/>
      </testsuite>
      <testsuite name="App\Card\DeckOfCardsTest" file="/home/nadja/dbwebb-kurser/mvc/me/report/tests/Card/DeckOfCardsTest.php" tests="6" assertions="65" errors="0" warnings="0" failures="0" skipped="0" time="0.047578">
        <testcase name="testCreateDeckOfCards" class="App\Card\DeckOfCardsTest" classname="App.Card.DeckOfCardsTest" file="/home/nadja/dbwebb-kurser/mvc/me/report/tests/Card/DeckOfCardsTest.php" line="15" assertions="54" time="0.001891"/>
        <testcase name="testShuffle" class="App\Card\DeckOfCardsTest" classname="App.Card.DeckOfCardsTest" file="/home/nadja/dbwebb-kurser/mvc/me/report/tests/Card/DeckOfCardsTest.php" line="31" assertions="2" time="0.004017"/>
        <testcase name="testGetValue" class="App\Card\DeckOfCardsTest" classname="App.Card.DeckOfCardsTest" file="/home/nadja/dbwebb-kurser/mvc/me/report/tests/Card/DeckOfCardsTest.php" line="45" assertions="1" time="0.000886"/>
        <testcase name="testgetAsString" class="App\Card\DeckOfCardsTest" classname="App.Card.DeckOfCardsTest" file="/home/nadja/dbwebb-kurser/mvc/me/report/tests/Card/DeckOfCardsTest.php" line="60" assertions="1" time="0.001319"/>
        <testcase name="testSetValue" class="App\Card\DeckOfCardsTest" classname="App.Card.DeckOfCardsTest" file="/home/nadja/dbwebb-kurser/mvc/me/report/tests/Card/DeckOfCardsTest.php" line="75" assertions="3" time="0.021328"/>
        <testcase name="testRemove" class="App\Card\DeckOfCardsTest" classname="App.Card.DeckOfCardsTest" file="/home/nadja/dbwebb-kurser/mvc/me/report/tests/Card/DeckOfCardsTest.php" line="100" assertions="4" time="0.018137"/>
      </testsuite>
      <testsuite name="App\Card\ResultTest" file="/home/nadja/dbwebb-kurser/mvc/me/report/tests/Card/ResultTest.php" tests="2" assertions="9" errors="0" warnings="0" failures="0" skipped="0" time="0.001940">
        <testcase name="testCreateResult" class="App\Card\ResultTest" classname="App.Card.ResultTest" file="/home/nadja/dbwebb-kurser/mvc/me/report/tests/Card/ResultTest.php" line="16" assertions="1" time="0.001363"/>
        <testcase name="testCheckResult" class="App\Card\ResultTest" classname="App.Card.ResultTest" file="/home/nadja/dbwebb-kurser/mvc/me/report/tests/Card/ResultTest.php" line="22" assertions="8" time="0.000577"/>
      </testsuite>
      <testsuite name="App\Entity\BookTest" file="/home/nadja/dbwebb-kurser/mvc/me/report/tests/Entity/BookTest.php" tests="6" assertions="6" errors="0" warnings="0" failures="0" skipped="0" time="0.004250">
        <testcase name="testInstance" class="App\Entity\BookTest" classname="App.Entity.BookTest" file="/home/nadja/dbwebb-kurser/mvc/me/report/tests/Entity/BookTest.php" line="17" assertions="1" time="0.001406"/>
        <testcase name="testGetSetTitle" class="App\Entity\BookTest" classname="App.Entity.BookTest" file="/home/nadja/dbwebb-kurser/mvc/me/report/tests/Entity/BookTest.php" line="22" assertions="1" time="0.000416"/>
        <testcase name="testGetSetIsbn" class="App\Entity\BookTest" classname="App.Entity.BookTest" file="/home/nadja/dbwebb-kurser/mvc/me/report/tests/Entity/BookTest.php" line="30" assertions="1" time="0.001193"/>
        <testcase name="testGetSetAuthor" class="App\Entity\BookTest" classname="App.Entity.BookTest" file="/home/nadja/dbwebb-kurser/mvc/me/report/tests/Entity/BookTest.php" line="38" assertions="1" time="0.000405"/>
        <testcase name="testGetSetImg" class="App\Entity\BookTest" classname="App.Entity.BookTest" file="/home/nadja/dbwebb-kurser/mvc/me/report/tests/Entity/BookTest.php" line="46" assertions="1" time="0.000344"/>
        <testcase name="testGetId" class="App\Entity\BookTest" classname="App.Entity.BookTest" file="/home/nadja/dbwebb-kurser/mvc/me/report/tests/Entity/BookTest.php" line="54" assertions="1" time="0.000486"/>
      </testsuite>
      <testsuite name="App\Entity\ProductTest" file="/home/nadja/dbwebb-kurser/mvc/me/report/tests/Entity/ProductTest.php" tests="4" assertions="4" errors="0" warnings="0" failures="0" skipped="0" time="0.002440">
        <testcase name="testInstance" class="App\Entity\ProductTest" classname="App.Entity.ProductTest" file="/home/nadja/dbwebb-kurser/mvc/me/report/tests/Entity/ProductTest.php" line="17" assertions="1" time="0.000926"/>
        <testcase name="testGetSetName" class="App\Entity\ProductTest" classname="App.Entity.ProductTest" file="/home/nadja/dbwebb-kurser/mvc/me/report/tests/Entity/ProductTest.php" line="22" assertions="1" time="0.000623"/>
        <testcase name="testGetSetValue" class="App\Entity\ProductTest" classname="App.Entity.ProductTest" file="/home/nadja/dbwebb-kurser/mvc/me/report/tests/Entity/ProductTest.php" line="30" assertions="1" time="0.000500"/>
        <testcase name="testGetId" class="App\Entity\ProductTest" classname="App.Entity.ProductTest" file="/home/nadja/dbwebb-kurser/mvc/me/report/tests/Entity/ProductTest.php" line="38" assertions="1" time="0.000391"/>
      </testsuite>
    </testsuite>
  </testsuite>
</testsuites>
